This is pdfTeX, Version 3.14159265-2.6-1.40.17 (TeX Live 2016) (preloaded format=pdflatex 2016.5.22)  29 JAN 2017 00:07
entering extended mode
 \write18 enabled.
 %&-line parsing enabled.
**0.titlepage.tex
(./0.titlepage.tex
LaTeX2e <2016/03/31>
Babel <3.9r> and hyphenation patterns for 83 language(s) loaded.

! LaTeX Error: Environment titlepage undefined.

See the LaTeX manual or LaTeX Companion for explanation.
Type  H <return>  for immediate help.
 ...                                              
                                                  
l.1 \begin{titlepage}
                     
Your command was ignored.
Type  I <command> <return>  to replace it with another command,
or  <return>  to continue without it.


! LaTeX Error: Missing \begin{document}.

See the LaTeX manual or LaTeX Companion for explanation.
Type  H <return>  for immediate help.
 ...                                              
                                                  
l.3 \begin{center}
                  
You're in trouble here.  Try typing  <return>  to proceed.
If that doesn't work, type  X <return>  to quit.


Overfull \hbox (20.0pt too wide) in paragraph at lines 3--3
[] 
 []


Overfull \hbox (47.37753pt too wide) in paragraph at lines 5--5
 \OT1/cmr/m/sc/10 Stanford 
 []


Overfull \hbox (21.07207pt too wide) in paragraph at lines 5--5
 \OT1/cmr/m/sc/10 Uni- 
 []


Overfull \hbox (21.511pt too wide) in paragraph at lines 5--5
 \OT1/cmr/m/sc/10 ver- 
 []


Overfull \hbox (19.84433pt too wide) in paragraph at lines 5--5
 \OT1/cmr/m/sc/10 sity 
 []

! Undefined control sequence.
<recently read> \Huge 
                      
l.10 \textsc{\Huge Machine Learning}
                                    \\[6ex]
The control sequence at the end of the top line
of your error message was never \def'ed. If you have
misspelled it (e.g., `\hobx'), type `I' and the correct
spelling (e.g., `I\hbox'). Otherwise just continue,
and I'll forget about whatever was undefined.


Overfull \hbox (42.57751pt too wide) in paragraph at lines 10--10
 []\OT1/cmr/m/sc/10 Machine 
 []


Overfull \hbox (34.47758pt too wide) in paragraph at lines 10--10
 \OT1/cmr/m/sc/10 Learn- 
 []


Overfull \hbox (15.56659pt too wide) in paragraph at lines 10--10
 \OT1/cmr/m/sc/10 ing 
 []


Overfull \hbox (22.79427pt too wide) in paragraph at lines 11--11
 \OT1/cmr/m/sc/10 Per- 
 []


Overfull \hbox (28.33322pt too wide) in paragraph at lines 11--11
 \OT1/cmr/m/sc/10 sonal 
 []


Overfull \hbox (17.35541pt too wide) in paragraph at lines 11--11
 \OT1/cmr/m/sc/10 Re- 
 []


Overfull \hbox (23.19986pt too wide) in paragraph at lines 11--11
 \OT1/cmr/m/sc/10 port 
 []

LaTeX Font Info:    External font `cmex10' loaded for size
(Font)              <7> on input line 18.
LaTeX Font Info:    External font `cmex10' loaded for size
(Font)              <5> on input line 18.
Missing character: There is no P in font nullfont!
Missing character: There is no r in font nullfont!
Missing character: There is no e in font nullfont!
Missing character: There is no s in font nullfont!
Missing character: There is no e in font nullfont!
Missing character: There is no n in font nullfont!
Missing character: There is no t in font nullfont!
Missing character: There is no e in font nullfont!
Missing character: There is no d in font nullfont!
Missing character: There is no : in font nullfont!
! Undefined control sequence.
l.19  Presented:                & \quad \today
                                               \\[1.5ex]
The control sequence at the end of the top line
of your error message was never \def'ed. If you have
misspelled it (e.g., `\hobx'), type `I' and the correct
spelling (e.g., `I\hbox'). Otherwise just continue,
and I'll forget about whatever was undefined.

Missing character: There is no A in font nullfont!
Missing character: There is no u in font nullfont!
Missing character: There is no t in font nullfont!
Missing character: There is no h in font nullfont!
Missing character: There is no o in font nullfont!
Missing character: There is no r in font nullfont!
Missing character: There is no : in font nullfont!
Missing character: There is no T in font nullfont!
Missing character: There is no r in font nullfont!
Missing character: There is no u in font nullfont!
Missing character: There is no n in font nullfont!
Missing character: There is no g in font nullfont!
Missing character: There is no C in font nullfont!
Missing character: There is no . in font nullfont!
Missing character: There is no N in font nullfont!
Missing character: There is no g in font nullfont!
Missing character: There is no u in font nullfont!
Missing character: There is no y in font nullfont!
Missing character: There is no e in font nullfont!
Missing character: There is no n in font nullfont!
Missing character: There is no P in font nullfont!
Missing character: There is no r in font nullfont!
Missing character: There is no o in font nullfont!
Missing character: There is no f in font nullfont!
Missing character: There is no . in font nullfont!
Missing character: There is no : in font nullfont!
Missing character: There is no A in font nullfont!
Missing character: There is no n in font nullfont!
Missing character: There is no d in font nullfont!
Missing character: There is no r in font nullfont!
Missing character: There is no e in font nullfont!
Missing character: There is no w in font nullfont!
Missing character: There is no N in font nullfont!
Missing character: There is no g in font nullfont!
Missing character: There is no . in font nullfont!

! LaTeX Error: The font size command \normalsize is not defined:
               there is probably something wrong with the class file.

See the LaTeX manual or LaTeX Companion for explanation.
Type  H <return>  for immediate help.
 ...                                              
                                                  
l.25     \clearpage
                   
Your command was ignored.
Type  I <command> <return>  to replace it with another command,
or  <return>  to continue without it.

[-1{/usr/local/texlive/2016/texmf-var/fonts/map/pdftex/updmap/pdftex.map}]

! LaTeX Error: \begin{document} ended by \end{titlepage}.

See the LaTeX manual or LaTeX Companion for explanation.
Type  H <return>  for immediate help.
 ...                                              
                                                  
l.28 \end{titlepage}
                    
Your command was ignored.
Type  I <command> <return>  to replace it with another command,
or  <return>  to continue without it.

)
! Emergency stop.
<*> 0.titlepage.tex
                   
*** (job aborted, no legal \end found)

 
Here is how much of TeX's memory you used:
 15 strings out of 493014
 247 string characters out of 6133351
 54601 words of memory out of 5000000
 3655 multiletter control sequences out of 15000+600000
 3941 words of font info for 15 fonts, out of 8000000 for 9000
 1141 hyphenation exceptions out of 8191
 19i,6n,12p,78b,143s stack positions out of 5000i,500n,10000p,200000b,80000s
!  ==> Fatal error occurred, no output PDF file produced!
